[2025-03-13T16:07:38.977+0000] {manager.py:483} INFO - Processing files using up to 2 processes at a time 
[2025-03-13T16:07:38.979+0000] {manager.py:484} INFO - Process each file at most once every 30 seconds
[2025-03-13T16:07:38.980+0000] {manager.py:486} INFO - Checking for new files in /opt/airflow/dags every 300 seconds
[2025-03-13T16:07:38.980+0000] {manager.py:726} INFO - Searching for files in /opt/airflow/dags
[2025-03-13T16:07:38.984+0000] {manager.py:729} INFO - There are 0 files in /opt/airflow/dags
[2025-03-13T16:12:39.188+0000] {manager.py:726} INFO - Searching for files in /opt/airflow/dags
[2025-03-13T16:12:39.192+0000] {manager.py:729} INFO - There are 0 files in /opt/airflow/dags
[2025-03-13T16:17:39.383+0000] {manager.py:726} INFO - Searching for files in /opt/airflow/dags
[2025-03-13T16:17:39.391+0000] {manager.py:729} INFO - There are 0 files in /opt/airflow/dags
[2025-03-13T16:21:34.368+0000] {manager.py:465} INFO - Exiting gracefully upon receiving signal 15
[2025-03-13T16:22:03.747+0000] {manager.py:483} INFO - Processing files using up to 2 processes at a time 
[2025-03-13T16:22:03.749+0000] {manager.py:484} INFO - Process each file at most once every 30 seconds
[2025-03-13T16:22:03.749+0000] {manager.py:486} INFO - Checking for new files in /opt/airflow/dags every 300 seconds
[2025-03-13T16:22:03.750+0000] {manager.py:726} INFO - Searching for files in /opt/airflow/dags
[2025-03-13T16:22:03.754+0000] {manager.py:729} INFO - There are 0 files in /opt/airflow/dags
[2025-03-13T16:27:03.939+0000] {manager.py:726} INFO - Searching for files in /opt/airflow/dags
[2025-03-13T16:27:03.942+0000] {manager.py:729} INFO - There are 0 files in /opt/airflow/dags
[2025-03-13T16:32:04.158+0000] {manager.py:726} INFO - Searching for files in /opt/airflow/dags
[2025-03-13T16:32:04.166+0000] {manager.py:729} INFO - There are 0 files in /opt/airflow/dags
[2025-03-13T16:37:04.353+0000] {manager.py:726} INFO - Searching for files in /opt/airflow/dags
[2025-03-13T16:37:04.360+0000] {manager.py:729} INFO - There are 0 files in /opt/airflow/dags
[2025-03-13T16:42:04.639+0000] {manager.py:726} INFO - Searching for files in /opt/airflow/dags
[2025-03-13T16:42:04.644+0000] {manager.py:729} INFO - There are 0 files in /opt/airflow/dags
[2025-03-13T16:47:04.964+0000] {manager.py:726} INFO - Searching for files in /opt/airflow/dags
[2025-03-13T16:47:04.968+0000] {manager.py:729} INFO - There are 0 files in /opt/airflow/dags
[2025-03-13T16:52:05.318+0000] {manager.py:726} INFO - Searching for files in /opt/airflow/dags
[2025-03-13T16:52:05.327+0000] {manager.py:729} INFO - There are 0 files in /opt/airflow/dags
[2025-03-13T16:57:05.687+0000] {manager.py:726} INFO - Searching for files in /opt/airflow/dags
[2025-03-13T16:57:05.697+0000] {manager.py:729} INFO - There are 0 files in /opt/airflow/dags
[2025-03-13T17:02:05.989+0000] {manager.py:726} INFO - Searching for files in /opt/airflow/dags
[2025-03-13T17:02:05.993+0000] {manager.py:729} INFO - There are 0 files in /opt/airflow/dags
[2025-03-13T17:07:06.260+0000] {manager.py:726} INFO - Searching for files in /opt/airflow/dags
[2025-03-13T17:07:06.264+0000] {manager.py:729} INFO - There are 0 files in /opt/airflow/dags
[2025-03-13T17:12:06.430+0000] {manager.py:726} INFO - Searching for files in /opt/airflow/dags
[2025-03-13T17:12:06.434+0000] {manager.py:729} INFO - There are 0 files in /opt/airflow/dags
[2025-03-13T17:17:06.598+0000] {manager.py:726} INFO - Searching for files in /opt/airflow/dags
[2025-03-13T17:17:06.604+0000] {manager.py:729} INFO - There are 0 files in /opt/airflow/dags
[2025-03-13T17:22:06.784+0000] {manager.py:726} INFO - Searching for files in /opt/airflow/dags
[2025-03-13T17:22:06.788+0000] {manager.py:729} INFO - There are 0 files in /opt/airflow/dags
[2025-03-13T17:27:06.997+0000] {manager.py:726} INFO - Searching for files in /opt/airflow/dags
[2025-03-13T17:27:07.001+0000] {manager.py:729} INFO - There are 0 files in /opt/airflow/dags
[2025-03-13T17:32:07.189+0000] {manager.py:726} INFO - Searching for files in /opt/airflow/dags
[2025-03-13T17:32:07.198+0000] {manager.py:729} INFO - There are 0 files in /opt/airflow/dags
[2025-03-13T17:37:07.427+0000] {manager.py:726} INFO - Searching for files in /opt/airflow/dags
[2025-03-13T17:37:07.432+0000] {manager.py:729} INFO - There are 0 files in /opt/airflow/dags
[2025-03-13T17:42:07.648+0000] {manager.py:726} INFO - Searching for files in /opt/airflow/dags
[2025-03-13T17:42:07.652+0000] {manager.py:729} INFO - There are 0 files in /opt/airflow/dags
[2025-03-13T17:47:07.829+0000] {manager.py:726} INFO - Searching for files in /opt/airflow/dags
[2025-03-13T17:47:07.834+0000] {manager.py:729} INFO - There are 0 files in /opt/airflow/dags
[2025-03-13T17:52:08.063+0000] {manager.py:726} INFO - Searching for files in /opt/airflow/dags
[2025-03-13T17:52:08.068+0000] {manager.py:729} INFO - There are 0 files in /opt/airflow/dags
[2025-03-13T17:57:08.273+0000] {manager.py:726} INFO - Searching for files in /opt/airflow/dags
[2025-03-13T17:57:08.278+0000] {manager.py:729} INFO - There are 0 files in /opt/airflow/dags
[2025-03-13T18:02:08.401+0000] {manager.py:726} INFO - Searching for files in /opt/airflow/dags
[2025-03-13T18:02:08.406+0000] {manager.py:729} INFO - There are 0 files in /opt/airflow/dags
[2025-03-13T18:07:08.564+0000] {manager.py:726} INFO - Searching for files in /opt/airflow/dags
[2025-03-13T18:07:08.571+0000] {manager.py:729} INFO - There are 0 files in /opt/airflow/dags
[2025-03-13T18:12:08.740+0000] {manager.py:726} INFO - Searching for files in /opt/airflow/dags
[2025-03-13T18:12:08.746+0000] {manager.py:729} INFO - There are 0 files in /opt/airflow/dags
[2025-03-13T18:17:08.907+0000] {manager.py:726} INFO - Searching for files in /opt/airflow/dags
[2025-03-13T18:17:08.911+0000] {manager.py:729} INFO - There are 0 files in /opt/airflow/dags
[2025-03-13T18:22:09.092+0000] {manager.py:726} INFO - Searching for files in /opt/airflow/dags
[2025-03-13T18:22:09.095+0000] {manager.py:729} INFO - There are 0 files in /opt/airflow/dags
[2025-03-13T18:27:09.266+0000] {manager.py:726} INFO - Searching for files in /opt/airflow/dags
[2025-03-13T18:27:09.270+0000] {manager.py:729} INFO - There are 0 files in /opt/airflow/dags
[2025-03-13T18:32:09.428+0000] {manager.py:726} INFO - Searching for files in /opt/airflow/dags
[2025-03-13T18:32:09.432+0000] {manager.py:729} INFO - There are 0 files in /opt/airflow/dags
[2025-03-13T18:37:09.646+0000] {manager.py:726} INFO - Searching for files in /opt/airflow/dags
[2025-03-13T18:37:09.650+0000] {manager.py:729} INFO - There are 0 files in /opt/airflow/dags
[2025-03-13T18:42:09.844+0000] {manager.py:726} INFO - Searching for files in /opt/airflow/dags
[2025-03-13T18:42:09.847+0000] {manager.py:729} INFO - There are 0 files in /opt/airflow/dags
[2025-03-13T18:47:09.999+0000] {manager.py:726} INFO - Searching for files in /opt/airflow/dags
[2025-03-13T18:47:10.003+0000] {manager.py:729} INFO - There are 0 files in /opt/airflow/dags
[2025-03-13T18:52:10.227+0000] {manager.py:726} INFO - Searching for files in /opt/airflow/dags
[2025-03-13T18:52:10.232+0000] {manager.py:729} INFO - There are 0 files in /opt/airflow/dags
[2025-03-13T18:57:10.445+0000] {manager.py:726} INFO - Searching for files in /opt/airflow/dags
[2025-03-13T18:57:10.449+0000] {manager.py:729} INFO - There are 0 files in /opt/airflow/dags
[2025-03-13T19:02:10.711+0000] {manager.py:726} INFO - Searching for files in /opt/airflow/dags
[2025-03-13T19:02:10.718+0000] {manager.py:729} INFO - There are 0 files in /opt/airflow/dags
[2025-03-13T19:07:10.946+0000] {manager.py:726} INFO - Searching for files in /opt/airflow/dags
[2025-03-13T19:07:10.950+0000] {manager.py:729} INFO - There are 0 files in /opt/airflow/dags
